<?xml version="1.0" encoding="UTF-8"?>
<!-- Generated by org.testng.reporters.JUnitReportReporter -->
<testsuite hostname="DESKTOP-JGBJ53E" name="test.page.objects.FooterTest" tests="1" failures="0" timestamp="15 Jan 2019 15:22:09 GMT" time="25.512" errors="0">
  <testcase name="refreshPageTest" time="25.512" classname="test.page.objects.FooterTest"/>
</testsuite> <!-- test.page.objects.FooterTest -->
